生成启动时间为 2018/11/5 23:51:54。
     1>项目“E:\C语言\test11.3\test11.3\test11.3.vcxproj”在节点 2 上(Build 个目标)。
     1>ClCompile:
         F:\新建文件夹 (2)\VC\bin\CL.exe /c /ZI /nologo /W3 /WX- /Od /Oy- /D WIN32 /D _DEBUG /D _CONSOLE /D _LIB /D _UNICODE /D UNICODE /Gm /EHsc /RTC1 /MDd /GS /fp:precise /Zc:wchar_t /Zc:forScope /Fo"Debug\\" /Fd"Debug\vc120.pdb" /Gd /TC /analyze- /errorReport:prompt as.c
         as.c
     1>e:\c语言\test11.3\test11.3\as.c(8): warning C4013: “printf”未定义；假设外部返回 int
     1>e:\c语言\test11.3\test11.3\as.c(11): warning C4013: “scanf”未定义；假设外部返回 int
       Link:
         F:\新建文件夹 (2)\VC\bin\link.exe /ERRORREPORT:PROMPT /OUT:"E:\C语言\test11.3\Debug\test11.3.exe" /INCREMENTAL /NOLOGO kernel32.lib user32.lib gdi32.lib winspool.lib comdlg32.lib advapi32.lib shell32.lib ole32.lib oleaut32.lib uuid.lib odbc32.lib odbccp32.lib /MANIFEST /MANIFESTUAC:"level='asInvoker' uiAccess='false'" /manifest:embed /DEBUG /PDB:"E:\C语言\test11.3\Debug\test11.3.pdb" /SUBSYSTEM:CONSOLE /TLBID:1 /DYNAMICBASE /NXCOMPAT /IMPLIB:"E:\C语言\test11.3\Debug\test11.3.lib" /MACHINE:X86 Debug\11.5.obj
         Debug\as.obj
     1>as.obj : error LNK2005: _main 已经在 11.5.obj 中定义
     1>E:\C语言\test11.3\Debug\test11.3.exe : fatal error LNK1169: 找到一个或多个多重定义的符号
     1>已完成生成项目“E:\C语言\test11.3\test11.3\test11.3.vcxproj”(Build 个目标)的操作 - 失败。

生成失败。

已用时间 00:00:00.76
